# JRE version: 7.0_07-b10
# Java VM: Java HotSpot(TM) 64-Bit Server VM (23.3-b01 mixed mode linux-amd64 compressed oops)
Heap
 PSYoungGen      total 74624K, used 18189K [0x00000007acb60000, 0x00000007b1ea0000, 0x0000000800000000)
  eden space 64000K, 11% used [0x00000007acb60000,0x00000007ad2c43e8,0x00000007b09e0000)
  from space 10624K, 99% used [0x00000007b1440000,0x00000007b1e9f038,0x00000007b1ea0000)
  to   space 10624K, 0% used [0x00000007b09e0000,0x00000007b09e0000,0x00000007b1440000)
 ParOldGen       total 170624K, used 21242K [0x0000000706200000, 0x00000007108a0000, 0x00000007acb60000)
  object space 170624K, 12% used [0x0000000706200000,0x00000007076be888,0x00000007108a0000)
 PSPermGen       total 39872K, used 39857K [0x0000000701000000, 0x00000007036f0000, 0x0000000706200000)
  object space 39872K, 99% used [0x0000000701000000,0x00000007036ec7c0,0x00000007036f0000)
GC Heap History (4 events):
Event: 12.957 GC heap before
{Heap before GC invocations=1 (full 0):
 PSYoungGen      total 74624K, used 64000K [0x00000007acb60000, 0x00000007b1ea0000, 0x0000000800000000)
  eden space 64000K, 100% used [0x00000007acb60000,0x00000007b09e0000,0x00000007b09e0000)
  from space 10624K, 0% used [0x00000007b1440000,0x00000007b1440000,0x00000007b1ea0000)
  to   space 10624K, 0% used [0x00000007b09e0000,0x00000007b09e0000,0x00000007b1440000)
 ParOldGen       total 170624K, used 0K [0x0000000706200000, 0x00000007108a0000, 0x00000007acb60000)
  object space 170624K, 0% used [0x0000000706200000,0x0000000706200000,0x00000007108a0000)
 PSPermGen       total 22784K, used 22749K [0x0000000701000000, 0x0000000702640000, 0x0000000706200000)
  object space 22784K, 99% used [0x0000000701000000,0x00000007026375b8,0x0000000702640000)
Event: 12.969 GC heap after
Heap after GC invocations=1 (full 0):
 PSYoungGen      total 74624K, used 10606K [0x00000007acb60000, 0x00000007b1ea0000, 0x0000000800000000)
  eden space 64000K, 0% used [0x00000007acb60000,0x00000007acb60000,0x00000007b09e0000)
  from space 10624K, 99% used [0x00000007b09e0000,0x00000007b143b840,0x00000007b1440000)
  to   space 10624K, 0% used [0x00000007b1440000,0x00000007b1440000,0x00000007b1ea0000)
 ParOldGen       total 170624K, used 8542K [0x0000000706200000, 0x00000007108a0000, 0x00000007acb60000)
  object space 170624K, 5% used [0x0000000706200000,0x0000000706a57a38,0x00000007108a0000)
 PSPermGen       total 22784K, used 22749K [0x0000000701000000, 0x0000000702640000, 0x0000000706200000)
  object space 22784K, 99% used [0x0000000701000000,0x00000007026375b8,0x0000000702640000)
}
Event: 174.499 GC heap before
{Heap before GC invocations=2 (full 0):
 PSYoungGen      total 74624K, used 74606K [0x00000007acb60000, 0x00000007b1ea0000, 0x0000000800000000)
  eden space 64000K, 100% used [0x00000007acb60000,0x00000007b09e0000,0x00000007b09e0000)
  from space 10624K, 99% used [0x00000007b09e0000,0x00000007b143b840,0x00000007b1440000)
  to   space 10624K, 0% used [0x00000007b1440000,0x00000007b1440000,0x00000007b1ea0000)
 ParOldGen       total 170624K, used 8542K [0x0000000706200000, 0x00000007108a0000, 0x00000007acb60000)
  object space 170624K, 5% used [0x0000000706200000,0x0000000706a57a38,0x00000007108a0000)
 PSPermGen       total 37568K, used 37558K [0x0000000701000000, 0x00000007034b0000, 0x0000000706200000)
  object space 37568K, 99% used [0x0000000701000000,0x00000007034adb10,0x00000007034b0000)
Event: 174.515 GC heap after
Heap after GC invocations=2 (full 0):
 PSYoungGen      total 74624K, used 10620K [0x00000007acb60000, 0x00000007b1ea0000, 0x0000000800000000)
  eden space 64000K, 0% used [0x00000007acb60000,0x00000007acb60000,0x00000007b09e0000)
  from space 10624K, 99% used [0x00000007b1440000,0x00000007b1e9f038,0x00000007b1ea0000)
  to   space 10624K, 0% used [0x00000007b09e0000,0x00000007b09e0000,0x00000007b1440000)
 ParOldGen       total 170624K, used 21242K [0x0000000706200000, 0x00000007108a0000, 0x00000007acb60000)
  object space 170624K, 12% used [0x0000000706200000,0x00000007076be888,0x00000007108a0000)
 PSPermGen       total 37568K, used 37558K [0x0000000701000000, 0x00000007034b0000, 0x0000000706200000)
  object space 37568K, 99% used [0x0000000701000000,0x00000007034adb10,0x00000007034b0000)
}

